2020-04-16 10:28:44,307 [Worker-1: Loading available Gradle versions] INFO  o.e.b.c.i.u.g.PublishedGradleVersions - Gradle version information cache is out-of-date. Trying to update.
2020-04-16 10:31:54,207 [Worker-7: Creating maven-archetype-quickstart] INFO  o.e.m.c.i.p.ProjectConfigurationManager - Collecting project info '/pom.xml' D:\Users\sr43993\Documents\SpringBoot16042020\spring-boot-manual\pom.xml
2020-04-16 10:31:56,177 [Worker-7: Creating maven-archetype-quickstart] INFO  o.e.m.c.i.l.LifecycleMappingFactory - Using org.eclipse.m2e.jdt.JarLifecycleMapping lifecycle mapping for MavenProject: com.zensar:spring-boot-manual:0.0.1-SNAPSHOT @ D:\Users\sr43993\Documents\SpringBoot16042020\spring-boot-manual\pom.xml.
2020-04-16 10:31:57,434 [Worker-7: Creating maven-archetype-quickstart] INFO  o.e.m.j.i.AbstractJavaProjectConfigurator - Adding source folder /spring-boot-manual/src/main/java
2020-04-16 10:31:57,451 [Worker-7: Creating maven-archetype-quickstart] INFO  o.e.m.j.i.AbstractJavaProjectConfigurator - Adding source folder /spring-boot-manual/src/test/java
2020-04-16 10:31:57,811 [Worker-7: Creating maven-archetype-quickstart] INFO  o.e.m.c.i.p.ProjectConfigurationManager - Imported and configured 1 project(s) in 3 sec
2020-04-16 10:31:59,458 [Worker-11: Building workspace] INFO  o.e.m.c.i.embedder.EclipseLogger - Using 'UTF-8' encoding to copy filtered resources.
2020-04-16 10:31:59,459 [Worker-11: Building workspace] INFO  o.e.m.c.i.embedder.EclipseLogger - skip non existing resourceDirectory D:\Users\sr43993\Documents\SpringBoot16042020\spring-boot-manual\src\main\resources
2020-04-16 10:31:59,464 [Worker-11: Building workspace] INFO  o.e.m.c.i.embedder.EclipseLogger - Using 'UTF-8' encoding to copy filtered resources.
2020-04-16 10:31:59,464 [Worker-11: Building workspace] INFO  o.e.m.c.i.embedder.EclipseLogger - skip non existing resourceDirectory D:\Users\sr43993\Documents\SpringBoot16042020\spring-boot-manual\src\test\resources
2020-04-16 10:33:20,071 [Worker-12: Building workspace] INFO  o.e.m.c.i.l.LifecycleMappingFactory - Using org.eclipse.m2e.jdt.JarLifecycleMapping lifecycle mapping for MavenProject: com.zensar:spring-boot-manual:0.0.1-SNAPSHOT @ D:\Users\sr43993\Documents\SpringBoot16042020\spring-boot-manual\pom.xml.
2020-04-16 10:33:20,526 [Worker-12: Building workspace] INFO  o.e.m.c.i.embedder.EclipseLogger - Using 'UTF-8' encoding to copy filtered resources.
2020-04-16 10:33:20,527 [Worker-12: Building workspace] INFO  o.e.m.c.i.embedder.EclipseLogger - skip non existing resourceDirectory D:\Users\sr43993\Documents\SpringBoot16042020\spring-boot-manual\src\main\resources
2020-04-16 10:33:20,528 [Worker-12: Building workspace] INFO  o.e.m.c.i.embedder.EclipseLogger - Using 'UTF-8' encoding to copy filtered resources.
2020-04-16 10:33:20,528 [Worker-12: Building workspace] INFO  o.e.m.c.i.embedder.EclipseLogger - skip non existing resourceDirectory D:\Users\sr43993\Documents\SpringBoot16042020\spring-boot-manual\src\test\resources
2020-04-16 10:33:22,353 [Worker-12: Building workspace] INFO  o.e.m.c.i.embedder.EclipseLogger - Using 'UTF-8' encoding to copy filtered resources.
2020-04-16 10:33:22,354 [Worker-12: Building workspace] INFO  o.e.m.c.i.embedder.EclipseLogger - skip non existing resourceDirectory D:\Users\sr43993\Documents\SpringBoot16042020\spring-boot-manual\src\main\resources
2020-04-16 10:33:22,355 [Worker-12: Building workspace] INFO  o.e.m.c.i.embedder.EclipseLogger - Using 'UTF-8' encoding to copy filtered resources.
2020-04-16 10:33:22,355 [Worker-12: Building workspace] INFO  o.e.m.c.i.embedder.EclipseLogger - skip non existing resourceDirectory D:\Users\sr43993\Documents\SpringBoot16042020\spring-boot-manual\src\test\resources
2020-04-16 10:33:37,089 [Worker-12: Building workspace] INFO  o.e.m.c.i.embedder.EclipseLogger - Using 'UTF-8' encoding to copy filtered resources.
2020-04-16 10:33:37,089 [Worker-12: Building workspace] INFO  o.e.m.c.i.embedder.EclipseLogger - skip non existing resourceDirectory D:\Users\sr43993\Documents\SpringBoot16042020\spring-boot-manual\src\main\resources
2020-04-16 10:33:37,090 [Worker-12: Building workspace] INFO  o.e.m.c.i.embedder.EclipseLogger - Using 'UTF-8' encoding to copy filtered resources.
2020-04-16 10:33:37,091 [Worker-12: Building workspace] INFO  o.e.m.c.i.embedder.EclipseLogger - skip non existing resourceDirectory D:\Users\sr43993\Documents\SpringBoot16042020\spring-boot-manual\src\test\resources
2020-04-16 10:33:54,685 [Worker-7: Building workspace] INFO  o.e.m.c.i.l.LifecycleMappingFactory - Using org.eclipse.m2e.jdt.JarLifecycleMapping lifecycle mapping for MavenProject: com.zensar:spring-boot-manual:0.0.1-SNAPSHOT @ D:\Users\sr43993\Documents\SpringBoot16042020\spring-boot-manual\pom.xml.
2020-04-16 10:33:55,014 [Worker-7: Building workspace] INFO  o.e.m.c.i.embedder.EclipseLogger - Using 'UTF-8' encoding to copy filtered resources.
2020-04-16 10:33:55,014 [Worker-7: Building workspace] INFO  o.e.m.c.i.embedder.EclipseLogger - skip non existing resourceDirectory D:\Users\sr43993\Documents\SpringBoot16042020\spring-boot-manual\src\main\resources
2020-04-16 10:33:55,016 [Worker-7: Building workspace] INFO  o.e.m.c.i.embedder.EclipseLogger - Using 'UTF-8' encoding to copy filtered resources.
2020-04-16 10:33:55,016 [Worker-7: Building workspace] INFO  o.e.m.c.i.embedder.EclipseLogger - skip non existing resourceDirectory D:\Users\sr43993\Documents\SpringBoot16042020\spring-boot-manual\src\test\resources
2020-04-16 10:33:56,640 [Worker-11: Building workspace] INFO  o.e.m.c.i.embedder.EclipseLogger - Using 'UTF-8' encoding to copy filtered resources.
2020-04-16 10:33:56,640 [Worker-11: Building workspace] INFO  o.e.m.c.i.embedder.EclipseLogger - skip non existing resourceDirectory D:\Users\sr43993\Documents\SpringBoot16042020\spring-boot-manual\src\main\resources
2020-04-16 10:33:56,641 [Worker-11: Building workspace] INFO  o.e.m.c.i.embedder.EclipseLogger - Using 'UTF-8' encoding to copy filtered resources.
2020-04-16 10:33:56,642 [Worker-11: Building workspace] INFO  o.e.m.c.i.embedder.EclipseLogger - skip non existing resourceDirectory D:\Users\sr43993\Documents\SpringBoot16042020\spring-boot-manual\src\test\resources
2020-04-16 10:40:26,485 [Worker-15: Building workspace] INFO  o.e.m.c.i.l.LifecycleMappingFactory - Using org.eclipse.m2e.jdt.JarLifecycleMapping lifecycle mapping for MavenProject: com.zensar:spring-boot-manual:0.0.1-SNAPSHOT @ D:\Users\sr43993\Documents\SpringBoot16042020\spring-boot-manual\pom.xml.
2020-04-16 10:40:27,876 [Worker-15: Building workspace] INFO  o.e.m.c.i.embedder.EclipseLogger - Using 'UTF-8' encoding to copy filtered resources.
2020-04-16 10:40:27,876 [Worker-15: Building workspace] INFO  o.e.m.c.i.embedder.EclipseLogger - skip non existing resourceDirectory D:\Users\sr43993\Documents\SpringBoot16042020\spring-boot-manual\src\main\resources
2020-04-16 10:40:27,876 [Worker-15: Building workspace] INFO  o.e.m.c.i.embedder.EclipseLogger - skip non existing resourceDirectory D:\Users\sr43993\Documents\SpringBoot16042020\spring-boot-manual\src\main\resources
2020-04-16 10:40:27,879 [Worker-15: Building workspace] INFO  o.e.m.c.i.embedder.EclipseLogger - Using 'UTF-8' encoding to copy filtered resources.
2020-04-16 10:40:27,879 [Worker-15: Building workspace] INFO  o.e.m.c.i.embedder.EclipseLogger - skip non existing resourceDirectory D:\Users\sr43993\Documents\SpringBoot16042020\spring-boot-manual\src\test\resources
2020-04-16 10:40:29,323 [Worker-7: Building workspace] INFO  o.e.m.c.i.embedder.EclipseLogger - Using 'UTF-8' encoding to copy filtered resources.
2020-04-16 10:40:29,323 [Worker-7: Building workspace] INFO  o.e.m.c.i.embedder.EclipseLogger - skip non existing resourceDirectory D:\Users\sr43993\Documents\SpringBoot16042020\spring-boot-manual\src\main\resources
2020-04-16 10:40:29,324 [Worker-7: Building workspace] INFO  o.e.m.c.i.embedder.EclipseLogger - skip non existing resourceDirectory D:\Users\sr43993\Documents\SpringBoot16042020\spring-boot-manual\src\main\resources
2020-04-16 10:40:29,327 [Worker-7: Building workspace] INFO  o.e.m.c.i.embedder.EclipseLogger - Using 'UTF-8' encoding to copy filtered resources.
2020-04-16 10:40:29,327 [Worker-7: Building workspace] INFO  o.e.m.c.i.embedder.EclipseLogger - skip non existing resourceDirectory D:\Users\sr43993\Documents\SpringBoot16042020\spring-boot-manual\src\test\resources
2020-04-16 10:45:00,192 [Worker-19: Building workspace] INFO  o.e.m.c.i.l.LifecycleMappingFactory - Using org.eclipse.m2e.jdt.JarLifecycleMapping lifecycle mapping for MavenProject: com.zensar:spring-boot-manual:0.0.1-SNAPSHOT @ D:\Users\sr43993\Documents\SpringBoot16042020\spring-boot-manual\pom.xml.
2020-04-16 10:45:01,158 [Worker-19: Building workspace] INFO  o.e.m.c.i.embedder.EclipseLogger - Using 'UTF-8' encoding to copy filtered resources.
2020-04-16 10:45:01,159 [Worker-19: Building workspace] INFO  o.e.m.c.i.embedder.EclipseLogger - skip non existing resourceDirectory D:\Users\sr43993\Documents\SpringBoot16042020\spring-boot-manual\src\main\resources
2020-04-16 10:45:01,159 [Worker-19: Building workspace] INFO  o.e.m.c.i.embedder.EclipseLogger - skip non existing resourceDirectory D:\Users\sr43993\Documents\SpringBoot16042020\spring-boot-manual\src\main\resources
2020-04-16 10:45:01,161 [Worker-19: Building workspace] INFO  o.e.m.c.i.embedder.EclipseLogger - Using 'UTF-8' encoding to copy filtered resources.
2020-04-16 10:45:01,161 [Worker-19: Building workspace] INFO  o.e.m.c.i.embedder.EclipseLogger - skip non existing resourceDirectory D:\Users\sr43993\Documents\SpringBoot16042020\spring-boot-manual\src\test\resources
2020-04-16 10:45:03,875 [Worker-20: Building workspace] INFO  o.e.m.c.i.embedder.EclipseLogger - Using 'UTF-8' encoding to copy filtered resources.
2020-04-16 10:45:03,875 [Worker-20: Building workspace] INFO  o.e.m.c.i.embedder.EclipseLogger - skip non existing resourceDirectory D:\Users\sr43993\Documents\SpringBoot16042020\spring-boot-manual\src\main\resources
2020-04-16 10:45:03,875 [Worker-20: Building workspace] INFO  o.e.m.c.i.embedder.EclipseLogger - skip non existing resourceDirectory D:\Users\sr43993\Documents\SpringBoot16042020\spring-boot-manual\src\main\resources
2020-04-16 10:45:03,876 [Worker-20: Building workspace] INFO  o.e.m.c.i.embedder.EclipseLogger - Using 'UTF-8' encoding to copy filtered resources.
2020-04-16 10:45:03,877 [Worker-20: Building workspace] INFO  o.e.m.c.i.embedder.EclipseLogger - skip non existing resourceDirectory D:\Users\sr43993\Documents\SpringBoot16042020\spring-boot-manual\src\test\resources
2020-04-16 10:45:44,409 [Worker-11: Building workspace] INFO  o.e.m.c.i.l.LifecycleMappingFactory - Using org.eclipse.m2e.jdt.JarLifecycleMapping lifecycle mapping for MavenProject: com.zensar:spring-boot-manual:0.0.1-SNAPSHOT @ D:\Users\sr43993\Documents\SpringBoot16042020\spring-boot-manual\pom.xml.
2020-04-16 10:45:44,824 [Worker-11: Building workspace] INFO  o.e.m.c.i.embedder.EclipseLogger - Using 'UTF-8' encoding to copy filtered resources.
2020-04-16 10:45:44,824 [Worker-11: Building workspace] INFO  o.e.m.c.i.embedder.EclipseLogger - skip non existing resourceDirectory D:\Users\sr43993\Documents\SpringBoot16042020\spring-boot-manual\src\main\resources
2020-04-16 10:45:44,824 [Worker-11: Building workspace] INFO  o.e.m.c.i.embedder.EclipseLogger - skip non existing resourceDirectory D:\Users\sr43993\Documents\SpringBoot16042020\spring-boot-manual\src\main\resources
2020-04-16 10:45:44,850 [Worker-11: Building workspace] INFO  o.e.m.c.i.embedder.EclipseLogger - Using 'UTF-8' encoding to copy filtered resources.
2020-04-16 10:45:44,850 [Worker-11: Building workspace] INFO  o.e.m.c.i.embedder.EclipseLogger - skip non existing resourceDirectory D:\Users\sr43993\Documents\SpringBoot16042020\spring-boot-manual\src\test\resources
2020-04-16 10:45:47,038 [Worker-21: Building workspace] INFO  o.e.m.c.i.embedder.EclipseLogger - Using 'UTF-8' encoding to copy filtered resources.
2020-04-16 10:45:47,039 [Worker-21: Building workspace] INFO  o.e.m.c.i.embedder.EclipseLogger - skip non existing resourceDirectory D:\Users\sr43993\Documents\SpringBoot16042020\spring-boot-manual\src\main\resources
2020-04-16 10:45:47,039 [Worker-21: Building workspace] INFO  o.e.m.c.i.embedder.EclipseLogger - skip non existing resourceDirectory D:\Users\sr43993\Documents\SpringBoot16042020\spring-boot-manual\src\main\resources
2020-04-16 10:45:47,040 [Worker-21: Building workspace] INFO  o.e.m.c.i.embedder.EclipseLogger - Using 'UTF-8' encoding to copy filtered resources.
2020-04-16 10:45:47,040 [Worker-21: Building workspace] INFO  o.e.m.c.i.embedder.EclipseLogger - skip non existing resourceDirectory D:\Users\sr43993\Documents\SpringBoot16042020\spring-boot-manual\src\test\resources
2020-04-16 10:46:08,105 [Worker-11: Building workspace] INFO  o.e.m.c.i.l.LifecycleMappingFactory - Using org.eclipse.m2e.jdt.JarLifecycleMapping lifecycle mapping for MavenProject: com.zensar:spring-boot-manual:0.0.1-SNAPSHOT @ D:\Users\sr43993\Documents\SpringBoot16042020\spring-boot-manual\pom.xml.
2020-04-16 10:46:09,026 [Worker-11: Building workspace] INFO  o.e.m.c.i.embedder.EclipseLogger - Using 'UTF-8' encoding to copy filtered resources.
2020-04-16 10:46:09,026 [Worker-11: Building workspace] INFO  o.e.m.c.i.embedder.EclipseLogger - skip non existing resourceDirectory D:\Users\sr43993\Documents\SpringBoot16042020\spring-boot-manual\src\main\resources
2020-04-16 10:46:09,026 [Worker-11: Building workspace] INFO  o.e.m.c.i.embedder.EclipseLogger - skip non existing resourceDirectory D:\Users\sr43993\Documents\SpringBoot16042020\spring-boot-manual\src\main\resources
2020-04-16 10:46:09,029 [Worker-11: Building workspace] INFO  o.e.m.c.i.embedder.EclipseLogger - Using 'UTF-8' encoding to copy filtered resources.
2020-04-16 10:46:09,029 [Worker-11: Building workspace] INFO  o.e.m.c.i.embedder.EclipseLogger - skip non existing resourceDirectory D:\Users\sr43993\Documents\SpringBoot16042020\spring-boot-manual\src\test\resources
2020-04-16 10:46:12,643 [Worker-16: Building workspace] INFO  o.e.m.c.i.embedder.EclipseLogger - Using 'UTF-8' encoding to copy filtered resources.
2020-04-16 10:46:12,643 [Worker-16: Building workspace] INFO  o.e.m.c.i.embedder.EclipseLogger - skip non existing resourceDirectory D:\Users\sr43993\Documents\SpringBoot16042020\spring-boot-manual\src\main\resources
2020-04-16 10:46:12,643 [Worker-16: Building workspace] INFO  o.e.m.c.i.embedder.EclipseLogger - skip non existing resourceDirectory D:\Users\sr43993\Documents\SpringBoot16042020\spring-boot-manual\src\main\resources
2020-04-16 10:46:12,644 [Worker-16: Building workspace] INFO  o.e.m.c.i.embedder.EclipseLogger - Using 'UTF-8' encoding to copy filtered resources.
2020-04-16 10:46:12,644 [Worker-16: Building workspace] INFO  o.e.m.c.i.embedder.EclipseLogger - skip non existing resourceDirectory D:\Users\sr43993\Documents\SpringBoot16042020\spring-boot-manual\src\test\resources
2020-04-16 10:47:44,905 [Worker-21: Updating Maven Project] INFO  o.e.m.c.i.p.ProjectConfigurationManager - Update started
2020-04-16 10:47:46,422 [Worker-21: Updating Maven Project] INFO  o.e.m.c.i.l.LifecycleMappingFactory - Using org.eclipse.m2e.jdt.JarLifecycleMapping lifecycle mapping for MavenProject: com.zensar:spring-boot-manual:0.0.1-SNAPSHOT @ D:\Users\sr43993\Documents\SpringBoot16042020\spring-boot-manual\pom.xml.
2020-04-16 10:47:47,213 [Worker-21: Updating Maven Project] INFO  o.e.m.j.i.AbstractJavaProjectConfigurator - Adding source folder /spring-boot-manual/src/main/java
2020-04-16 10:47:47,215 [Worker-21: Updating Maven Project] INFO  o.e.m.j.i.AbstractJavaProjectConfigurator - Adding source folder /spring-boot-manual/src/test/java
2020-04-16 10:47:47,608 [Worker-21: Updating Maven Project] INFO  o.e.m.c.i.p.ProjectConfigurationManager - Update completed: 2 sec
2020-04-16 10:47:48,599 [Worker-21: Building workspace] INFO  o.e.m.c.i.embedder.EclipseLogger - Using 'UTF-8' encoding to copy filtered resources.
2020-04-16 10:47:48,599 [Worker-21: Building workspace] INFO  o.e.m.c.i.embedder.EclipseLogger - skip non existing resourceDirectory D:\Users\sr43993\Documents\SpringBoot16042020\spring-boot-manual\src\main\resources
2020-04-16 10:47:48,599 [Worker-21: Building workspace] INFO  o.e.m.c.i.embedder.EclipseLogger - skip non existing resourceDirectory D:\Users\sr43993\Documents\SpringBoot16042020\spring-boot-manual\src\main\resources
2020-04-16 10:47:48,601 [Worker-21: Building workspace] INFO  o.e.m.c.i.embedder.EclipseLogger - Using 'UTF-8' encoding to copy filtered resources.
2020-04-16 10:47:48,601 [Worker-21: Building workspace] INFO  o.e.m.c.i.embedder.EclipseLogger - skip non existing resourceDirectory D:\Users\sr43993\Documents\SpringBoot16042020\spring-boot-manual\src\test\resources
2020-04-16 10:47:50,389 [Worker-21: Building workspace] INFO  o.e.m.c.i.embedder.EclipseLogger - Using 'UTF-8' encoding to copy filtered resources.
2020-04-16 10:47:50,389 [Worker-21: Building workspace] INFO  o.e.m.c.i.embedder.EclipseLogger - skip non existing resourceDirectory D:\Users\sr43993\Documents\SpringBoot16042020\spring-boot-manual\src\main\resources
2020-04-16 10:47:50,389 [Worker-21: Building workspace] INFO  o.e.m.c.i.embedder.EclipseLogger - skip non existing resourceDirectory D:\Users\sr43993\Documents\SpringBoot16042020\spring-boot-manual\src\main\resources
2020-04-16 10:47:50,391 [Worker-21: Building workspace] INFO  o.e.m.c.i.embedder.EclipseLogger - Using 'UTF-8' encoding to copy filtered resources.
2020-04-16 10:47:50,391 [Worker-21: Building workspace] INFO  o.e.m.c.i.embedder.EclipseLogger - skip non existing resourceDirectory D:\Users\sr43993\Documents\SpringBoot16042020\spring-boot-manual\src\test\resources
2020-04-16 10:50:29,959 [Worker-22: Building workspace] INFO  o.e.m.c.i.embedder.EclipseLogger - Using 'UTF-8' encoding to copy filtered resources.
2020-04-16 10:50:29,959 [Worker-22: Building workspace] INFO  o.e.m.c.i.embedder.EclipseLogger - skip non existing resourceDirectory D:\Users\sr43993\Documents\SpringBoot16042020\spring-boot-manual\src\main\resources
2020-04-16 10:50:29,959 [Worker-22: Building workspace] INFO  o.e.m.c.i.embedder.EclipseLogger - skip non existing resourceDirectory D:\Users\sr43993\Documents\SpringBoot16042020\spring-boot-manual\src\main\resources
2020-04-16 10:50:29,961 [Worker-22: Building workspace] INFO  o.e.m.c.i.embedder.EclipseLogger - Using 'UTF-8' encoding to copy filtered resources.
2020-04-16 10:50:29,961 [Worker-22: Building workspace] INFO  o.e.m.c.i.embedder.EclipseLogger - skip non existing resourceDirectory D:\Users\sr43993\Documents\SpringBoot16042020\spring-boot-manual\src\test\resources
2020-04-16 11:19:59,300 [Worker-33: Building workspace] INFO  o.e.m.c.i.embedder.EclipseLogger - Using 'UTF-8' encoding to copy filtered resources.
2020-04-16 11:19:59,301 [Worker-33: Building workspace] INFO  o.e.m.c.i.embedder.EclipseLogger - skip non existing resourceDirectory D:\Users\sr43993\Documents\SpringBoot16042020\spring-boot-manual\src\main\resources
2020-04-16 11:19:59,301 [Worker-33: Building workspace] INFO  o.e.m.c.i.embedder.EclipseLogger - skip non existing resourceDirectory D:\Users\sr43993\Documents\SpringBoot16042020\spring-boot-manual\src\main\resources
2020-04-16 11:19:59,303 [Worker-33: Building workspace] INFO  o.e.m.c.i.embedder.EclipseLogger - Using 'UTF-8' encoding to copy filtered resources.
2020-04-16 11:19:59,304 [Worker-33: Building workspace] INFO  o.e.m.c.i.embedder.EclipseLogger - skip non existing resourceDirectory D:\Users\sr43993\Documents\SpringBoot16042020\spring-boot-manual\src\test\resources
2020-04-16 11:24:07,595 [Worker-28: Building workspace] INFO  o.e.m.c.i.embedder.EclipseLogger - Using 'UTF-8' encoding to copy filtered resources.
2020-04-16 11:24:07,596 [Worker-28: Building workspace] INFO  o.e.m.c.i.embedder.EclipseLogger - skip non existing resourceDirectory D:\Users\sr43993\Documents\SpringBoot16042020\spring-boot-manual\src\main\resources
2020-04-16 11:24:07,596 [Worker-28: Building workspace] INFO  o.e.m.c.i.embedder.EclipseLogger - skip non existing resourceDirectory D:\Users\sr43993\Documents\SpringBoot16042020\spring-boot-manual\src\main\resources
2020-04-16 11:24:07,597 [Worker-28: Building workspace] INFO  o.e.m.c.i.embedder.EclipseLogger - Using 'UTF-8' encoding to copy filtered resources.
2020-04-16 11:24:07,597 [Worker-28: Building workspace] INFO  o.e.m.c.i.embedder.EclipseLogger - skip non existing resourceDirectory D:\Users\sr43993\Documents\SpringBoot16042020\spring-boot-manual\src\test\resources
2020-04-16 11:25:20,667 [Worker-35: Building workspace] INFO  o.e.m.c.i.embedder.EclipseLogger - Using 'UTF-8' encoding to copy filtered resources.
2020-04-16 11:25:20,667 [Worker-35: Building workspace] INFO  o.e.m.c.i.embedder.EclipseLogger - skip non existing resourceDirectory D:\Users\sr43993\Documents\SpringBoot16042020\spring-boot-manual\src\main\resources
2020-04-16 11:25:20,667 [Worker-35: Building workspace] INFO  o.e.m.c.i.embedder.EclipseLogger - skip non existing resourceDirectory D:\Users\sr43993\Documents\SpringBoot16042020\spring-boot-manual\src\main\resources
2020-04-16 11:25:20,670 [Worker-35: Building workspace] INFO  o.e.m.c.i.embedder.EclipseLogger - Using 'UTF-8' encoding to copy filtered resources.
2020-04-16 11:25:20,670 [Worker-35: Building workspace] INFO  o.e.m.c.i.embedder.EclipseLogger - skip non existing resourceDirectory D:\Users\sr43993\Documents\SpringBoot16042020\spring-boot-manual\src\test\resources
2020-04-16 11:49:52,634 [Worker-50: Building workspace] INFO  o.e.m.c.i.embedder.EclipseLogger - Using 'UTF-8' encoding to copy filtered resources.
2020-04-16 11:49:52,645 [Worker-50: Building workspace] INFO  o.e.m.c.i.embedder.EclipseLogger - Copying 0 resource
2020-04-16 11:49:52,645 [Worker-50: Building workspace] INFO  o.e.m.c.i.embedder.EclipseLogger - Copying 0 resource
2020-04-16 11:49:52,646 [Worker-50: Building workspace] INFO  o.e.m.c.i.embedder.EclipseLogger - Using 'UTF-8' encoding to copy filtered resources.
2020-04-16 11:49:52,647 [Worker-50: Building workspace] INFO  o.e.m.c.i.embedder.EclipseLogger - skip non existing resourceDirectory D:\Users\sr43993\Documents\SpringBoot16042020\spring-boot-manual\src\test\resources
2020-04-16 11:50:06,126 [Worker-48: Building workspace] INFO  o.e.m.c.i.embedder.EclipseLogger - Using 'UTF-8' encoding to copy filtered resources.
2020-04-16 11:50:06,129 [Worker-48: Building workspace] INFO  o.e.m.c.i.embedder.EclipseLogger - Copying 0 resource
2020-04-16 11:50:06,130 [Worker-48: Building workspace] INFO  o.e.m.c.i.embedder.EclipseLogger - Copying 0 resource
2020-04-16 11:50:06,132 [Worker-48: Building workspace] INFO  o.e.m.c.i.embedder.EclipseLogger - Using 'UTF-8' encoding to copy filtered resources.
2020-04-16 11:50:06,132 [Worker-48: Building workspace] INFO  o.e.m.c.i.embedder.EclipseLogger - skip non existing resourceDirectory D:\Users\sr43993\Documents\SpringBoot16042020\spring-boot-manual\src\test\resources
2020-04-16 11:50:40,125 [Worker-45: Building workspace] INFO  o.e.m.c.i.embedder.EclipseLogger - Using 'UTF-8' encoding to copy filtered resources.
2020-04-16 11:50:40,126 [Worker-45: Building workspace] INFO  o.e.m.c.i.embedder.EclipseLogger - Copying 1 resource
2020-04-16 11:50:40,151 [Worker-45: Building workspace] INFO  o.e.m.c.i.embedder.EclipseLogger - Copying 0 resource
2020-04-16 11:50:40,154 [Worker-45: Building workspace] INFO  o.e.m.c.i.embedder.EclipseLogger - Using 'UTF-8' encoding to copy filtered resources.
2020-04-16 11:50:40,154 [Worker-45: Building workspace] INFO  o.e.m.c.i.embedder.EclipseLogger - skip non existing resourceDirectory D:\Users\sr43993\Documents\SpringBoot16042020\spring-boot-manual\src\test\resources
2020-04-16 11:51:07,258 [Worker-48: Building workspace] INFO  o.e.m.c.i.embedder.EclipseLogger - Using 'UTF-8' encoding to copy filtered resources.
2020-04-16 11:51:07,259 [Worker-48: Building workspace] INFO  o.e.m.c.i.embedder.EclipseLogger - Copying 1 resource
2020-04-16 11:51:07,265 [Worker-48: Building workspace] INFO  o.e.m.c.i.embedder.EclipseLogger - Copying 0 resource
2020-04-16 11:51:07,267 [Worker-48: Building workspace] INFO  o.e.m.c.i.embedder.EclipseLogger - Using 'UTF-8' encoding to copy filtered resources.
2020-04-16 11:51:07,267 [Worker-48: Building workspace] INFO  o.e.m.c.i.embedder.EclipseLogger - skip non existing resourceDirectory D:\Users\sr43993\Documents\SpringBoot16042020\spring-boot-manual\src\test\resources
2020-04-16 11:52:44,375 [Worker-49: Building workspace] INFO  o.e.m.c.i.embedder.EclipseLogger - Using 'UTF-8' encoding to copy filtered resources.
2020-04-16 11:52:44,376 [Worker-49: Building workspace] INFO  o.e.m.c.i.embedder.EclipseLogger - Copying 0 resource
2020-04-16 11:52:44,377 [Worker-49: Building workspace] INFO  o.e.m.c.i.embedder.EclipseLogger - Copying 1 resource
2020-04-16 11:52:44,378 [Worker-49: Building workspace] INFO  o.e.m.c.i.embedder.EclipseLogger - Using 'UTF-8' encoding to copy filtered resources.
2020-04-16 11:52:44,378 [Worker-49: Building workspace] INFO  o.e.m.c.i.embedder.EclipseLogger - skip non existing resourceDirectory D:\Users\sr43993\Documents\SpringBoot16042020\spring-boot-manual\src\test\resources
2020-04-16 11:53:24,774 [Worker-52: Building workspace] INFO  o.e.m.c.i.embedder.EclipseLogger - Using 'UTF-8' encoding to copy filtered resources.
2020-04-16 11:53:24,776 [Worker-52: Building workspace] INFO  o.e.m.c.i.embedder.EclipseLogger - Copying 1 resource
2020-04-16 11:53:24,783 [Worker-52: Building workspace] INFO  o.e.m.c.i.embedder.EclipseLogger - Copying 0 resource
2020-04-16 11:53:24,786 [Worker-52: Building workspace] INFO  o.e.m.c.i.embedder.EclipseLogger - Using 'UTF-8' encoding to copy filtered resources.
2020-04-16 11:53:24,786 [Worker-52: Building workspace] INFO  o.e.m.c.i.embedder.EclipseLogger - skip non existing resourceDirectory D:\Users\sr43993\Documents\SpringBoot16042020\spring-boot-manual\src\test\resources
